<?xml version="1.0" encoding="UTF-8"?>
<!-- Generated by org.testng.reporters.JUnitReportReporter -->
<testsuite skipped="0" hostname="DESKTOP-T79DFM7" name="testPack.Sample2" tests="1" failures="0" timestamp="02 Mar 2022 17:20:37 GMT" time="0.039" errors="0">
  <testcase name="tc13" time="0.039" classname="testPack.Sample2"/>
</testsuite> <!-- testPack.Sample2 -->
