<?xml version="1.0" encoding="UTF-8"?>
<!-- Generated by org.testng.reporters.JUnitReportReporter -->
<testsuite skipped="0" hostname="DESKTOP-T79DFM7" name="testPack.Sample1" tests="3" failures="0" timestamp="02 Mar 2022 16:54:18 GMT" time="0.041" errors="0">
  <testcase name="tc1" time="0.020" classname="testPack.Sample1"/>
  <testcase name="tc1" time="0.006" classname="testPack.Sample1"/>
  <testcase name="tc1" time="0.015" classname="testPack.Sample1"/>
</testsuite> <!-- testPack.Sample1 -->
