<?xml version="1.0" encoding="UTF-8"?>
<!-- Generated by org.testng.reporters.JUnitReportReporter -->
<testsuite skipped="0" hostname="DESKTOP-T79DFM7" name="testPack.Sample3" tests="2" failures="0" timestamp="01 Mar 2022 13:45:57 GMT" time="0.034" errors="0">
  <testcase name="tc5" time="0.018" classname="testPack.Sample3"/>
  <testcase name="tc6" time="0.016" classname="testPack.Sample3"/>
</testsuite> <!-- testPack.Sample3 -->
