<?xml version="1.0" encoding="UTF-8"?>
<!-- Generated by org.testng.reporters.JUnitReportReporter -->
<testsuite hostname="Ruban" failures="0" tests="1" name="testPack.Sample1" time="19.772" errors="0" timestamp="05 Mar 2022 17:06:52 GMT" skipped="0">
  <testcase classname="testPack.Sample1" name="run" time="19.772"/>
</testsuite> <!-- testPack.Sample1 -->
